<?xml version="1.0" encoding="UTF-8"?>
<!-- Generated by org.testng.reporters.JUnitReportReporter -->
<testsuite hostname="INPHWN150270" failures="0" tests="2" name="TestNGPackage.TestNG1" time="0.037" errors="0" timestamp="2024-10-17T17:20:53 IST" skipped="0">
  <testcase classname="TestNGPackage.TestNG1" name="f1" time="0.006"/>
  <system-out/>
  <testcase classname="TestNGPackage.TestNG1" name="f" time="0.031"/>
  <system-out/>
</testsuite> <!-- TestNGPackage.TestNG1 -->
